2021/11/04 02:38:11 / 15.6627ms
2021/11/04 02:38:18 /sad 8.8327ms
2021/11/04 02:38:24 /offer 10.7816ms
2021/11/04 02:38:30 /salute=52 5.4679ms
2021/11/04 02:38:36 /abouts 12.0216ms
2021/11/04 02:51:29 /about 27.2515ms
2021/11/04 02:51:31 /about 7.8582ms
2021/11/04 02:55:10 /abouts 16.1857ms
2021/11/04 02:55:22 /ssss 7.2049ms
2021/11/04 03:00:04 /ssss 20.6975ms
2021/11/04 03:00:07 /aa 6.8544ms
2021/11/04 03:00:10 /about 12.25ms
2021/11/04 03:00:12 /abouts 8.1342ms
2021/11/04 03:00:14 /about 11.0358ms
2021/11/04 03:01:43 /abouts 23.4285ms
2021/11/04 03:01:46 /about 8.5617ms
2021/11/04 03:01:46 /about 11.0171ms
2021/11/04 03:01:46 /about 6.0666ms
2021/11/04 03:01:47 /about 9.9553ms
2021/11/04 03:01:47 /about 14.818ms
2021/11/04 03:01:47 /about 5.9976ms
2021/11/04 03:01:52 /about 9.9193ms
2021/11/04 03:01:52 /about 9.6424ms
2021/11/04 03:01:52 /about 8.7389ms
2021/11/04 03:02:57 /reee 16.0834ms
2021/11/04 03:03:00 /aaaa 11.8192ms
2021/11/04 03:03:02 /abouts 8.1329ms
2021/11/04 03:03:05 /about 9.0415ms
2021/11/04 03:03:05 /about 9.572ms
2021/11/04 03:03:05 /about 8.6006ms
2021/11/04 03:03:06 /about 10.561ms
2021/11/04 03:03:06 /about 15.4417ms
2021/11/04 03:03:06 /about 21.5794ms
2021/11/04 03:10:58 /abouts 17.0681ms
2021/11/04 03:11:00 /about 7.5663ms
2021/11/04 03:11:00 /about 23.2354ms
2021/11/04 03:11:00 /about 17.3313ms
2021/11/04 03:11:03 /aboutism 7.6698ms
2021/11/04 03:11:07 /about 10.2596ms
2021/11/04 03:11:07 /about 6.8706ms
2021/11/04 03:11:07 /about 5.3353ms
2021/11/04 03:11:08 /about 8.1865ms
2021/11/04 03:11:08 /about 11.9103ms
2021/11/04 03:11:08 /about 13.7517ms
2021/11/04 03:13:19 /abouts 19.4741ms
2021/11/04 03:13:22 /aboutism 16.4406ms
2021/11/04 03:18:46 /aboutism 15.7869ms
2021/11/04 03:19:11 /absolutely 11.5625ms
2021/11/17 01:39:38 / 69.7104ms
2021/11/17 01:39:48 / 5.1098ms
2021/11/17 01:41:43 /favicon.ico 9.909ms
2021/11/17 01:43:12 / 9.6442ms
2022/03/29 00:24:31 / 4.6398ms
2022/03/29 00:27:28 / 5.3233ms
2022/03/29 00:27:29 / 2.7406ms
2022/03/29 00:27:29 / 3.1757ms
2022/03/29 00:27:29 / 2.7338ms
2022/03/29 00:27:29 / 2.8833ms
2022/03/29 00:27:29 / 3.2078ms
2022/03/29 00:28:27 / 2.9003ms
2022/03/29 00:29:25 /index 3.6797ms
2022/03/29 00:29:32 /account.html 2.6627ms
2022/03/29 00:29:39 /access.log 3.2729ms
2022/03/29 00:29:49 /login 3.2594ms
2022/03/29 00:29:54 /index.html 3.2196ms
2022/03/29 00:29:58 /about.html 3.0793ms
2022/03/29 01:10:06 / 5.3894ms
2022/03/29 01:10:06 /favicon.ico 2.6165ms
